<?xml version="1.0" encoding="UTF-8"?>
<Site BuildName="(empty)"
	BuildStamp="20231101-2151-Experimental"
	Name="mohsin-Predator-PH315-53"
	Generator="ctest-3.16.3"
	CompilerName="/usr/bin/clang++"
	CompilerVersion="10.0.0"
	OSName="Linux"
	Hostname="mohsin-Predator-PH315-53"
	OSRelease="5.15.0-87-generic"
	OSVersion="#97~20.04.1-Ubuntu SMP Thu Oct 5 08:25:28 UTC 2023"
	OSPlatform="x86_64"
	Is64Bits="1"
	VendorString="GenuineIntel"
	VendorID="Intel Corporation"
	FamilyID="6"
	ModelID="165"
	ProcessorCacheSize="12288"
	NumberOfLogicalCPU="12"
	NumberOfPhysicalCPU="6"
	TotalVirtualMemory="19072"
	TotalPhysicalMemory="15818"
	LogicalProcessorsPerPhysical="2"
	ProcessorClockFrequency="3442.72"
	>
	<Testing>
		<StartDateTime>Nov 01 22:51 CET</StartDateTime>
		<StartTestTime>1698875475</StartTestTime>
		<TestList/>
		<EndDateTime>Nov 01 22:51 CET</EndDateTime>
		<EndTestTime>1698875475</EndTestTime>
		<ElapsedMinutes>0</ElapsedMinutes>
	</Testing>
</Site>
